<?xml version="1.0" encoding="UTF-8"?>
<!-- Generated by org.testng.reporters.JUnitXMLReporter -->
<testsuite ignored="0" hostname="EMI-PC" failures="0" tests="4" name="Test" time="42.594" errors="0" timestamp="2023-07-03T16:39:04 ART">
  <testcase classname="testCase.TestCaseWiki" name="ValidarBusquedaWikipedia" time="4.784"/>
  <testcase classname="testCase.TestCaseWiki" name="ValidarBusquedaWikipedia" time="5.06"/>
  <testcase classname="testCase.TestCaseWiki" name="ValidarBusquedaWikipedia" time="5.721"/>
  <testcase classname="testCase.TestCaseWiki" name="ValidarBusquedaWikipedia" time="5.02"/>
</testsuite> <!-- Test -->
