<?xml version="1.0" encoding="UTF-8"?>
<!-- Generated by org.testng.reporters.JUnitXMLReporter -->
<testsuite ignored="0" hostname="EMI-PC" failures="0" tests="4" name="Default test" time="42.814" errors="0" timestamp="2023-07-03T16:26:08 ART">
  <testcase classname="testCase.TestCaseWiki" name="ValidarBusquedaWikipedia" time="4.543"/>
  <testcase classname="testCase.TestCaseWiki" name="ValidarBusquedaWikipedia" time="4.926"/>
  <testcase classname="testCase.TestCaseWiki" name="ValidarBusquedaWikipedia" time="4.783"/>
  <testcase classname="testCase.TestCaseWiki" name="ValidarBusquedaWikipedia" time="4.964"/>
</testsuite> <!-- Default test -->
